[2017-07-06 13:21:18] main.DEBUG: cache_invalidate:  {"method":"POST","url":"http://lepestodesalpes.freeboxos.fr/shop/setup/index.php/install/start","invalidateInfo":{"tags":["CONFIG"],"mode":"matchingTag"},"is_exception":false} []
[2017-07-06 13:21:18] main.DEBUG: cache_invalidate:  {"method":"POST","url":"http://lepestodesalpes.freeboxos.fr/shop/setup/index.php/install/start","invalidateInfo":{"tags":["LAYOUT_GENERAL_CACHE_TAG"],"mode":"matchingTag"},"is_exception":false} []
[2017-07-06 13:21:18] main.DEBUG: cache_invalidate:  {"method":"POST","url":"http://lepestodesalpes.freeboxos.fr/shop/setup/index.php/install/start","invalidateInfo":{"tags":["BLOCK_HTML"],"mode":"matchingTag"},"is_exception":false} []
[2017-07-06 13:21:18] main.DEBUG: cache_invalidate:  {"method":"POST","url":"http://lepestodesalpes.freeboxos.fr/shop/setup/index.php/install/start","invalidateInfo":{"tags":["COLLECTION_DATA"],"mode":"matchingTag"},"is_exception":false} []
[2017-07-06 13:21:18] main.DEBUG: cache_invalidate:  {"method":"POST","url":"http://lepestodesalpes.freeboxos.fr/shop/setup/index.php/install/start","invalidateInfo":{"tags":["REFLECTION"],"mode":"matchingTag"},"is_exception":false} []
[2017-07-06 13:21:18] main.DEBUG: cache_invalidate:  {"method":"POST","url":"http://lepestodesalpes.freeboxos.fr/shop/setup/index.php/install/start","invalidateInfo":{"tags":["DB_DDL"],"mode":"matchingTag"},"is_exception":false} []
[2017-07-06 13:21:18] main.DEBUG: cache_invalidate:  {"method":"POST","url":"http://lepestodesalpes.freeboxos.fr/shop/setup/index.php/install/start","invalidateInfo":{"tags":["EAV"],"mode":"matchingTag"},"is_exception":false} []
[2017-07-06 13:21:18] main.DEBUG: cache_invalidate:  {"method":"POST","url":"http://lepestodesalpes.freeboxos.fr/shop/setup/index.php/install/start","invalidateInfo":{"tags":["CUSTOMER_NOTIFICATION"],"mode":"matchingTag"},"is_exception":false} []
[2017-07-06 13:21:18] main.DEBUG: cache_invalidate:  {"method":"POST","url":"http://lepestodesalpes.freeboxos.fr/shop/setup/index.php/install/start","invalidateInfo":{"tags":["FPC"],"mode":"matchingTag"},"is_exception":false} []
[2017-07-06 13:21:18] main.DEBUG: cache_invalidate:  {"method":"POST","url":"http://lepestodesalpes.freeboxos.fr/shop/setup/index.php/install/start","invalidateInfo":{"tags":["INTEGRATION"],"mode":"matchingTag"},"is_exception":false} []
[2017-07-06 13:21:18] main.DEBUG: cache_invalidate:  {"method":"POST","url":"http://lepestodesalpes.freeboxos.fr/shop/setup/index.php/install/start","invalidateInfo":{"tags":["INTEGRATION_API_CONFIG"],"mode":"matchingTag"},"is_exception":false} []
[2017-07-06 13:21:18] main.DEBUG: cache_invalidate:  {"method":"POST","url":"http://lepestodesalpes.freeboxos.fr/shop/setup/index.php/install/start","invalidateInfo":{"tags":["TRANSLATE"],"mode":"matchingTag"},"is_exception":false} []
[2017-07-06 13:21:18] main.DEBUG: cache_invalidate:  {"method":"POST","url":"http://lepestodesalpes.freeboxos.fr/shop/setup/index.php/install/start","invalidateInfo":{"tags":["WEBSERVICE"],"mode":"matchingTag"},"is_exception":false} []
[2017-07-06 13:21:18] main.DEBUG: cache_invalidate:  {"method":"POST","url":"http://lepestodesalpes.freeboxos.fr/shop/setup/index.php/install/start","invalidateInfo":{"tags":["CONFIG"],"mode":"matchingTag"},"is_exception":false} []
[2017-07-06 13:21:18] main.DEBUG: cache_invalidate:  {"method":"POST","url":"http://lepestodesalpes.freeboxos.fr/shop/setup/index.php/install/start","invalidateInfo":{"tags":["LAYOUT_GENERAL_CACHE_TAG"],"mode":"matchingTag"},"is_exception":false} []
[2017-07-06 13:21:18] main.DEBUG: cache_invalidate:  {"method":"POST","url":"http://lepestodesalpes.freeboxos.fr/shop/setup/index.php/install/start","invalidateInfo":{"tags":["BLOCK_HTML"],"mode":"matchingTag"},"is_exception":false} []
[2017-07-06 13:21:18] main.DEBUG: cache_invalidate:  {"method":"POST","url":"http://lepestodesalpes.freeboxos.fr/shop/setup/index.php/install/start","invalidateInfo":{"tags":["COLLECTION_DATA"],"mode":"matchingTag"},"is_exception":false} []
[2017-07-06 13:21:18] main.DEBUG: cache_invalidate:  {"method":"POST","url":"http://lepestodesalpes.freeboxos.fr/shop/setup/index.php/install/start","invalidateInfo":{"tags":["REFLECTION"],"mode":"matchingTag"},"is_exception":false} []
[2017-07-06 13:21:18] main.DEBUG: cache_invalidate:  {"method":"POST","url":"http://lepestodesalpes.freeboxos.fr/shop/setup/index.php/install/start","invalidateInfo":{"tags":["DB_DDL"],"mode":"matchingTag"},"is_exception":false} []
[2017-07-06 13:21:18] main.DEBUG: cache_invalidate:  {"method":"POST","url":"http://lepestodesalpes.freeboxos.fr/shop/setup/index.php/install/start","invalidateInfo":{"tags":["EAV"],"mode":"matchingTag"},"is_exception":false} []
[2017-07-06 13:21:18] main.DEBUG: cache_invalidate:  {"method":"POST","url":"http://lepestodesalpes.freeboxos.fr/shop/setup/index.php/install/start","invalidateInfo":{"tags":["CUSTOMER_NOTIFICATION"],"mode":"matchingTag"},"is_exception":false} []
[2017-07-06 13:21:18] main.DEBUG: cache_invalidate:  {"method":"POST","url":"http://lepestodesalpes.freeboxos.fr/shop/setup/index.php/install/start","invalidateInfo":{"tags":["FPC"],"mode":"matchingTag"},"is_exception":false} []
[2017-07-06 13:21:18] main.DEBUG: cache_invalidate:  {"method":"POST","url":"http://lepestodesalpes.freeboxos.fr/shop/setup/index.php/install/start","invalidateInfo":{"tags":["INTEGRATION"],"mode":"matchingTag"},"is_exception":false} []
[2017-07-06 13:21:18] main.DEBUG: cache_invalidate:  {"method":"POST","url":"http://lepestodesalpes.freeboxos.fr/shop/setup/index.php/install/start","invalidateInfo":{"tags":["INTEGRATION_API_CONFIG"],"mode":"matchingTag"},"is_exception":false} []
[2017-07-06 13:21:18] main.DEBUG: cache_invalidate:  {"method":"POST","url":"http://lepestodesalpes.freeboxos.fr/shop/setup/index.php/install/start","invalidateInfo":{"tags":["TRANSLATE"],"mode":"matchingTag"},"is_exception":false} []
[2017-07-06 13:21:18] main.DEBUG: cache_invalidate:  {"method":"POST","url":"http://lepestodesalpes.freeboxos.fr/shop/setup/index.php/install/start","invalidateInfo":{"tags":["WEBSERVICE"],"mode":"matchingTag"},"is_exception":false} []
[2017-07-06 13:21:23] main.DEBUG: cache_invalidate:  {"method":"POST","url":"http://lepestodesalpes.freeboxos.fr/shop/setup/index.php/install/progress","invalidateInfo":{"tags":["interception","CONFIG"],"mode":"matchingTag"},"is_exception":false} []
[2017-07-06 13:21:24] main.DEBUG: cache_invalidate:  {"method":"GET","url":"http://lepestodesalpes.freeboxos.fr/shop/setup/index.php/success","invalidateInfo":{"tags":["interception","CONFIG"],"mode":"matchingTag"},"is_exception":false} []
[2017-07-06 13:21:26] main.DEBUG: cache_invalidate:  {"method":"GET","url":"http:/","invalidateInfo":{"tags":["interception","CONFIG"],"mode":"matchingTag"},"is_exception":false} []
[2017-07-06 13:24:17] main.DEBUG: cache_invalidate:  {"method":"POST","url":"http://lepestodesalpes.freeboxos.fr/shop/admin_k9f3y8/admin/index/index/key/5e9005fe44c6a2ff22fda56c24857f77489da018e6a0a7b5487516cf4e55b8d1/","invalidateInfo":{"tags":["BACKEND_MAINMENU"],"mode":"matchingAnyTag"},"is_exception":false} []
[2017-07-07 06:48:55] main.DEBUG: cache_invalidate:  {"method":"POST","url":"http://lepestodesalpes.freeboxos.fr/shop/admin_k9f3y8/admin/index/index/key/470fffc78acc03b546d43c84ea298426601bdd92587d089469886767f6af607f/","invalidateInfo":{"tags":["BACKEND_MAINMENU"],"mode":"matchingAnyTag"},"is_exception":false} []
